<?xml version="1.0" encoding="UTF-8"?>
<!-- Generated by org.testng.reporters.JUnitReportReporter -->
<testsuite hostname="DESKTOP-HVS88UQ" failures="0" tests="1" name="PageObjects.test2" time="0.018" errors="0" timestamp="2022-04-22T21:43:18 IST" skipped="0">
  <testcase classname="PageObjects.test2" name="m2" time="0.018"/>
  <system-out/>
</testsuite> <!-- PageObjects.test2 -->
