<?xml version="1.0" encoding="UTF-8"?>
<!-- Generated by org.testng.reporters.JUnitReportReporter -->
<testsuite hostname="DESKTOP-HVS88UQ" failures="0" tests="4" name="Runner.Run" time="126.386" errors="0" timestamp="2022-04-24T09:00:03 IST" skipped="0">
  <testcase classname="Runner.Run" name="runScenario" time="31.876"/>
  <system-out/>
  <testcase classname="Runner.Run" name="runScenario" time="30.765"/>
  <system-out/>
  <testcase classname="Runner.Run" name="runScenario" time="30.793"/>
  <system-out/>
  <testcase classname="Runner.Run" name="runScenario" time="32.952"/>
  <system-out/>
</testsuite> <!-- Runner.Run -->
