<?xml version="1.0" encoding="UTF-8"?>
<!-- Generated by org.testng.reporters.JUnitReportReporter -->
<testsuite hostname="DESKTOP-HVS88UQ" failures="0" tests="2" name="Runner.Run" time="27.695" errors="0" timestamp="2022-04-23T11:31:27 IST" skipped="0">
  <testcase classname="Runner.Run" name="runScenario" time="13.784"/>
  <system-out/>
  <testcase classname="Runner.Run" name="runScenario" time="13.911"/>
  <system-out/>
</testsuite> <!-- Runner.Run -->
