<?xml version="1.0" encoding="UTF-8"?>
<!-- Generated by org.testng.reporters.JUnitReportReporter -->
<testsuite hostname="DESKTOP-HVS88UQ" failures="0" tests="1" name="PageObjects.test3" time="0.002" errors="0" timestamp="2022-04-22T21:43:18 IST" skipped="0">
  <testcase classname="PageObjects.test3" name="m3" time="0.002"/>
  <system-out/>
</testsuite> <!-- PageObjects.test3 -->
